<?xml version="1.0" encoding="UTF-8" standalone="no"?>
<testsuite failures="0" name="cucumber.runtime.formatter.JUnitFormatter" skipped="0" tests="1" time="8.715734">
    <testcase classname="Purchasing Pillow using credit card" name="Successfull payment flow" time="8.715734">
        <system-out>
            <![CDATA[Given Initiate browser......................................................passed
Given Navigate to Midtrans Demo homepage....................................passed
When User click Buy Now button..............................................passed
And Shopping Cart page should be appear.....................................passed
And User fill Price Amount with "30000".....................................passed
And User fill Name with "rozi"..............................................passed
And User fill Email with "rozi@email.com"...................................passed
And User fill Phone Number with "28123456"..................................passed
And user fill City with "jakarta"...........................................passed
And User fill Address with "jl. sukses".....................................passed
And User fill Postal Code with "12620"......................................passed
And User click Checkout button..............................................passed
And Order Summary page should be appear.....................................passed
And Order Summary Amount must be same as Shopping Cart Amount...............passed
And Shipping Details must be same as Customer Details.......................passed
And User click Continue button..............................................passed
And User choose Credit/Debit Card payment method............................passed
And User fill Card Number with "4811111111111113"...........................passed
And User fill Card Expiry Date with "12/20".................................passed
And User fill Card CVV with "123"...........................................passed
And User select one of Promos availables....................................passed
And Amount must be reduced after promo applied..............................passed
And Check Customers Detail..................................................passed
When User click Pay Now button..............................................passed
And Check if time still left................................................passed
And User fill Password with "112233"........................................passed
And User click Ok button....................................................passed
Then Transaction is finished................................................passed
And User will be Navigate to Homepage again.................................passed
]]>
        </system-out>
    </testcase>
</testsuite>
